[debug] [2022-10-09T23:03:07.672Z] ----------------------------------------------------------------------
[debug] [2022-10-09T23:03:07.674Z] Command:       C:\Program Files\nodejs\node.exe C:\Users\INTEL\AppData\Roaming\npm\node_modules\firebase-tools\lib\bin\firebase.js init
[debug] [2022-10-09T23:03:07.674Z] CLI Version:   11.14.1
[debug] [2022-10-09T23:03:07.675Z] Platform:      win32
[debug] [2022-10-09T23:03:07.675Z] Node Version:  v16.14.2
[debug] [2022-10-09T23:03:07.675Z] Time:          Mon Oct 10 2022 04:33:07 GMT+0530 (India Standard Time)
[debug] [2022-10-09T23:03:07.676Z] ----------------------------------------------------------------------
[debug] 
[debug] [2022-10-09T23:03:07.739Z] > command requires scopes: ["email","openid","https://www.googleapis.com/auth/cloudplatformprojects.readonly","https://www.googleapis.com/auth/firebase","https://www.googleapis.com/auth/cloud-platform"]
[debug] [2022-10-09T23:03:07.739Z] > authorizing via signed-in user (pspratham16@gmail.com)
[info] 
     ######## #### ########  ######## ########     ###     ######  ########
     ##        ##  ##     ## ##       ##     ##  ##   ##  ##       ##
     ######    ##  ########  ######   ########  #########  ######  ######
     ##        ##  ##    ##  ##       ##     ## ##     ##       ## ##
     ##       #### ##     ## ######## ########  ##     ##  ######  ########

You're about to initialize a Firebase project in this directory:

  E:\WebDevelopment\Projects\Electriphy\electriphy\electriphy

Before we get started, keep in mind:

  * You are initializing within an existing Firebase project directory

